<?xml version="1.0" encoding="UTF-8"?>
<!-- Generated by org.testng.reporters.JUnitXMLReporter -->
<testsuite hostname="User-Pc" name="Default test" tests="3" failures="0" timestamp="17 Jan 2021 12:45:25 GMT" time="59.483" errors="0">
  <testcase name="vehicalDatatTest" time="0.054" classname="insuranceCalculatorTest.EndToEndTest_MoterCycle"/>
  <testcase name="vehicalDatatTest2" time="0.044" classname="insuranceCalculatorTest.EndToEndTest_MoterCycle"/>
  <testcase name="validateMotorCycleLinkTest" time="3.122" classname="insuranceCalculatorTest.EndToEndTest_MoterCycle"/>
</testsuite> <!-- Default test -->
