<?xml version="1.0" encoding="UTF-8"?>
<testng-results skipped="2" failed="0" total="3" passed="1">
  <reporter-output>
  </reporter-output>
  <suite name="suite1" duration-ms="538495" started-at="2021-01-21T16:30:02Z" finished-at="2021-01-21T16:39:00Z">
    <groups>
    </groups>
    <test name="test1" duration-ms="538495" started-at="2021-01-21T16:30:02Z" finished-at="2021-01-21T16:39:00Z">
      <class name="insuranceCalculatorTest.EndToEndTest_MoterCycle">
        <test-method status="PASS" signature="setup()[pri:0, instance:insuranceCalculatorTest.EndToEndTest_MoterCycle@73ad2d6]" name="setup" is-config="true" duration-ms="235045" started-at="2021-01-21T22:00:02Z" finished-at="2021-01-21T22:03:57Z">
          <reporter-output>
          </reporter-output>
        </test-method> <!-- setup -->
        <test-method status="PASS" signature="vehicalDatatTest()[pri:0, instance:insuranceCalculatorTest.EndToEndTest_MoterCycle@73ad2d6]" name="vehicalDatatTest" duration-ms="21" started-at="2021-01-21T22:03:57Z" finished-at="2021-01-21T22:03:57Z">
          <reporter-output>
          </reporter-output>
        </test-method> <!-- vehicalDatatTest -->
        <test-method status="PASS" signature="endWith()[pri:0, instance:insuranceCalculatorTest.EndToEndTest_MoterCycle@73ad2d6]" name="endWith" is-config="true" duration-ms="114" started-at="2021-01-21T22:03:57Z" finished-at="2021-01-21T22:03:57Z">
          <reporter-output>
          </reporter-output>
        </test-method> <!-- endWith -->
        <test-method status="FAIL" signature="setup()[pri:0, instance:insuranceCalculatorTest.EndToEndTest_MoterCycle@73ad2d6]" name="setup" is-config="true" duration-ms="0" started-at="2021-01-21T22:03:57Z" finished-at="2021-01-21T22:03:57Z">
          <exception class="org.openqa.selenium.TimeoutException">
            <message>
              <![CDATA[timeout
  (Session info: chrome=79.0.3945.79)
  (Driver info: chromedriver=79.0.3945.36 (3582db32b33893869b8c1339e8f4d9ed1816f143-refs/branch-heads/3945@{#614}),platform=Windows NT 6.3.9600 x86_64) (WARNING: The server did not provide any stacktrace information)
Command duration or timeout: 300.01 seconds
Build info: version: '2.53.0', revision: '35ae25b1534ae328c771e0856c93e187490ca824', time: '2016-03-15 10:43:46'
System info: host: 'User-Pc', ip: '192.168.56.1', os.name: 'Windows 8.1', os.arch: 'amd64', os.version: '6.3', java.version: '1.8.0_51'
Driver info: org.openqa.selenium.chrome.ChromeDriver
Capabilities [{mobileEmulationEnabled=false, timeouts={implicit=0, pageLoad=300000, script=30000}, hasTouchScreen=false, platform=XP, acceptSslCerts=false, goog:chromeOptions={debuggerAddress=localhost:1852}, acceptInsecureCerts=false, webStorageEnabled=true, browserName=chrome, takesScreenshot=true, javascriptEnabled=true, setWindowRect=true, unexpectedAlertBehaviour=ignore, applicationCacheEnabled=false, rotatable=false, networkConnectionEnabled=false, chrome={chromedriverVersion=79.0.3945.36 (3582db32b33893869b8c1339e8f4d9ed1816f143-refs/branch-heads/3945@{#614}), userDataDir=C:\Users\User\AppData\Local\Temp\scoped_dir3492_2005843507}, takesHeapSnapshot=true, pageLoadStrategy=normal, strictFileInteractability=false, databaseEnabled=false, handlesAlerts=true, version=79.0.3945.79, browserConnectionEnabled=false, proxy={}, nativeEvents=true, locationContextEnabled=true, cssSelectorsEnabled=true}]
Session ID: 013a5a9874546f772c72780a28c88826]]>
            </message>
            <full-stacktrace>
              <![CDATA[org.openqa.selenium.TimeoutException: timeout
  (Session info: chrome=79.0.3945.79)
  (Driver info: chromedriver=79.0.3945.36 (3582db32b33893869b8c1339e8f4d9ed1816f143-refs/branch-heads/3945@{#614}),platform=Windows NT 6.3.9600 x86_64) (WARNING: The server did not provide any stacktrace information)
Command duration or timeout: 300.01 seconds
Build info: version: '2.53.0', revision: '35ae25b1534ae328c771e0856c93e187490ca824', time: '2016-03-15 10:43:46'
System info: host: 'User-Pc', ip: '192.168.56.1', os.name: 'Windows 8.1', os.arch: 'amd64', os.version: '6.3', java.version: '1.8.0_51'
Driver info: org.openqa.selenium.chrome.ChromeDriver
Capabilities [{mobileEmulationEnabled=false, timeouts={implicit=0, pageLoad=300000, script=30000}, hasTouchScreen=false, platform=XP, acceptSslCerts=false, goog:chromeOptions={debuggerAddress=localhost:1852}, acceptInsecureCerts=false, webStorageEnabled=true, browserName=chrome, takesScreenshot=true, javascriptEnabled=true, setWindowRect=true, unexpectedAlertBehaviour=ignore, applicationCacheEnabled=false, rotatable=false, networkConnectionEnabled=false, chrome={chromedriverVersion=79.0.3945.36 (3582db32b33893869b8c1339e8f4d9ed1816f143-refs/branch-heads/3945@{#614}), userDataDir=C:\Users\User\AppData\Local\Temp\scoped_dir3492_2005843507}, takesHeapSnapshot=true, pageLoadStrategy=normal, strictFileInteractability=false, databaseEnabled=false, handlesAlerts=true, version=79.0.3945.79, browserConnectionEnabled=false, proxy={}, nativeEvents=true, locationContextEnabled=true, cssSelectorsEnabled=true}]
Session ID: 013a5a9874546f772c72780a28c88826
	at sun.reflect.NativeConstructorAccessorImpl.newInstance0(Native Method)
	at sun.reflect.NativeConstructorAccessorImpl.newInstance(Unknown Source)
	at sun.reflect.DelegatingConstructorAccessorImpl.newInstance(Unknown Source)
	at java.lang.reflect.Constructor.newInstance(Unknown Source)
	at org.openqa.selenium.remote.ErrorHandler.createThrowable(ErrorHandler.java:206)
	at org.openqa.selenium.remote.ErrorHandler.throwIfResponseFailed(ErrorHandler.java:158)
	at org.openqa.selenium.remote.RemoteWebDriver.execute(RemoteWebDriver.java:678)
	at org.openqa.selenium.remote.RemoteWebDriver.get(RemoteWebDriver.java:316)
	at testBase.TestBase.initialization(TestBase.java:40)
	at testBase.TestBase.setup(TestBase.java:50)
	at sun.reflect.NativeMethodAccessorImpl.invoke0(Native Method)
	at sun.reflect.NativeMethodAccessorImpl.invoke(Unknown Source)
	at sun.reflect.DelegatingMethodAccessorImpl.invoke(Unknown Source)
	at java.lang.reflect.Method.invoke(Unknown Source)
	at org.testng.internal.MethodInvocationHelper.invokeMethod(MethodInvocationHelper.java:85)
	at org.testng.internal.Invoker.invokeConfigurationMethod(Invoker.java:510)
	at org.testng.internal.Invoker.invokeConfigurations(Invoker.java:211)
	at org.testng.internal.Invoker.invokeMethod(Invoker.java:585)
	at org.testng.internal.Invoker.invokeTestMethod(Invoker.java:816)
	at org.testng.internal.Invoker.invokeTestMethods(Invoker.java:1124)
	at org.testng.internal.TestMethodWorker.invokeTestMethods(TestMethodWorker.java:125)
	at org.testng.internal.TestMethodWorker.run(TestMethodWorker.java:108)
	at org.testng.TestRunner.privateRun(TestRunner.java:774)
	at org.testng.TestRunner.run(TestRunner.java:624)
	at org.testng.SuiteRunner.runTest(SuiteRunner.java:359)
	at org.testng.SuiteRunner.runSequentially(SuiteRunner.java:354)
	at org.testng.SuiteRunner.privateRun(SuiteRunner.java:312)
	at org.testng.SuiteRunner.run(SuiteRunner.java:261)
	at org.testng.SuiteRunnerWorker.runSuite(SuiteRunnerWorker.java:52)
	at org.testng.SuiteRunnerWorker.run(SuiteRunnerWorker.java:86)
	at org.testng.TestNG.runSuitesSequentially(TestNG.java:1215)
	at org.testng.TestNG.runSuitesLocally(TestNG.java:1140)
	at org.testng.TestNG.run(TestNG.java:1048)
	at org.testng.remote.AbstractRemoteTestNG.run(AbstractRemoteTestNG.java:114)
	at org.testng.remote.RemoteTestNG.initAndRun(RemoteTestNG.java:251)
	at org.testng.remote.RemoteTestNG.main(RemoteTestNG.java:77)
]]>
            </full-stacktrace>
          </exception> <!-- org.openqa.selenium.TimeoutException -->
          <reporter-output>
          </reporter-output>
        </test-method> <!-- setup -->
        <test-method status="SKIP" signature="vehicalDatatTest2()[pri:1, instance:insuranceCalculatorTest.EndToEndTest_MoterCycle@73ad2d6]" name="vehicalDatatTest2" duration-ms="4" started-at="2021-01-21T22:09:00Z" finished-at="2021-01-21T22:09:00Z">
          <reporter-output>
          </reporter-output>
        </test-method> <!-- vehicalDatatTest2 -->
        <test-method status="SKIP" signature="endWith()[pri:0, instance:insuranceCalculatorTest.EndToEndTest_MoterCycle@73ad2d6]" name="endWith" is-config="true" duration-ms="0" started-at="2021-01-21T22:09:00Z" finished-at="2021-01-21T22:09:00Z">
          <reporter-output>
          </reporter-output>
        </test-method> <!-- endWith -->
        <test-method status="SKIP" signature="setup()[pri:0, instance:insuranceCalculatorTest.EndToEndTest_MoterCycle@73ad2d6]" name="setup" is-config="true" duration-ms="0" started-at="2021-01-21T22:09:00Z" finished-at="2021-01-21T22:09:00Z">
          <reporter-output>
          </reporter-output>
        </test-method> <!-- setup -->
        <test-method status="SKIP" signature="validateMotorCycleLinkTest()[pri:2, instance:insuranceCalculatorTest.EndToEndTest_MoterCycle@73ad2d6]" name="validateMotorCycleLinkTest" duration-ms="3" started-at="2021-01-21T22:09:00Z" finished-at="2021-01-21T22:09:00Z">
          <reporter-output>
          </reporter-output>
        </test-method> <!-- validateMotorCycleLinkTest -->
        <test-method status="SKIP" signature="endWith()[pri:0, instance:insuranceCalculatorTest.EndToEndTest_MoterCycle@73ad2d6]" name="endWith" is-config="true" duration-ms="0" started-at="2021-01-21T22:09:00Z" finished-at="2021-01-21T22:09:00Z">
          <reporter-output>
          </reporter-output>
        </test-method> <!-- endWith -->
      </class> <!-- insuranceCalculatorTest.EndToEndTest_MoterCycle -->
    </test> <!-- test1 -->
  </suite> <!-- suite1 -->
</testng-results>
